Determining if the pthread_create exist failed with the following output:
Change Dir: /home/yong/caffe/build/CMakeFiles/CMakeTmp

Run Build Command:"/usr/bin/make" "cmTC_024db/fast"
/usr/bin/make -f CMakeFiles/cmTC_024db.dir/build.make CMakeFiles/cmTC_024db.dir/build
make[1]: Entering directory '/home/yong/caffe/build/CMakeFiles/CMakeTmp'
Building C object CMakeFiles/cmTC_024db.dir/CheckSymbolExists.c.o
/usr/bin/cc    -o CMakeFiles/cmTC_024db.dir/CheckSymbolExists.c.o   -c /home/yong/caffe/build/CMakeFiles/CMakeTmp/CheckSymbolExists.c
Linking C executable cmTC_024db
/usr/local/bin/cmake -E cmake_link_script CMakeFiles/cmTC_024db.dir/link.txt --verbose=1
/usr/bin/cc      -rdynamic CMakeFiles/cmTC_024db.dir/CheckSymbolExists.c.o  -o cmTC_024db 
CMakeFiles/cmTC_024db.dir/CheckSymbolExists.c.o: In function `main':
CheckSymbolExists.c:(.text+0x1b): undefined reference to `pthread_create'
collect2: error: ld returned 1 exit status
CMakeFiles/cmTC_024db.dir/build.make:86: recipe for target 'cmTC_024db' failed
make[1]: *** [cmTC_024db] Error 1
make[1]: Leaving directory '/home/yong/caffe/build/CMakeFiles/CMakeTmp'
Makefile:121: recipe for target 'cmTC_024db/fast' failed
make: *** [cmTC_024db/fast] Error 2

File /home/yong/caffe/build/CMakeFiles/CMakeTmp/CheckSymbolExists.c:
/* */
#include <pthread.h>

int main(int argc, char** argv)
{
  (void)argv;
#ifndef pthread_create
  return ((int*)(&pthread_create))[argc];
#else
  (void)argc;
  return 0;
#endif
}

Determining if the function pthread_create exists in the pthreads failed with the following output:
Change Dir: /home/yong/caffe/build/CMakeFiles/CMakeTmp

Run Build Command:"/usr/bin/make" "cmTC_65849/fast"
/usr/bin/make -f CMakeFiles/cmTC_65849.dir/build.make CMakeFiles/cmTC_65849.dir/build
make[1]: Entering directory '/home/yong/caffe/build/CMakeFiles/CMakeTmp'
Building C object CMakeFiles/cmTC_65849.dir/CheckFunctionExists.c.o
/usr/bin/cc   -DCHECK_FUNCTION_EXISTS=pthread_create   -o CMakeFiles/cmTC_65849.dir/CheckFunctionExists.c.o   -c /usr/local/share/cmake-3.12/Modules/CheckFunctionExists.c
Linking C executable cmTC_65849
/usr/local/bin/cmake -E cmake_link_script CMakeFiles/cmTC_65849.dir/link.txt --verbose=1
/usr/bin/cc  -DCHECK_FUNCTION_EXISTS=pthread_create    -rdynamic CMakeFiles/cmTC_65849.dir/CheckFunctionExists.c.o  -o cmTC_65849 -lpthreads 
/usr/bin/ld: cannot find -lpthreads
collect2: error: ld returned 1 exit status
CMakeFiles/cmTC_65849.dir/build.make:86: recipe for target 'cmTC_65849' failed
make[1]: *** [cmTC_65849] Error 1
make[1]: Leaving directory '/home/yong/caffe/build/CMakeFiles/CMakeTmp'
Makefile:121: recipe for target 'cmTC_65849/fast' failed
make: *** [cmTC_65849/fast] Error 2


